<?xml version="1.0" encoding="UTF-8"?>
<testsuite xmlns:xsi="http://www.w3.org/2001/XMLSchema-instance" xsi:noNamespaceSchemaLocation="https://maven.apache.org/surefire/maven-surefire-plugin/xsd/surefire-test-report-3.0.xsd" version="3.0" name="com.jjktbf.StatVerificationTest" time="0.107" tests="14" errors="0" skipped="0" failures="0">
  <properties>
[...]
</properties>
  <testcase name="lowCeEfficiencyShouldIncreaseCost" classname="com.jjktbf.StatVerificationTest" time="0.029">
    <system-out><![CDATA[CE cost at efficiency 30: 40
]]></system-out>
  </testcase>
  <testcase name="blockDurationStartsAtFireTickAndUsesApCostWhenDurationIsZero" classname="com.jjktbf.StatVerificationTest" time="0.003"/>
  <testcase name="baselineApBarShouldBeAround80" classname="com.jjktbf.StatVerificationTest" time="0.003">
    <system-out><![CDATA[Baseline AP bar: 80
]]></system-out>
  </testcase>
  <testcase name="highCeEfficiencyShouldReduceCost" classname="com.jjktbf.StatVerificationTest" time="0.001">
    <system-out><![CDATA[CE cost at efficiency 200: 8
]]></system-out>
  </testcase>
  <testcase name="highStatApBarShouldBeAround380" classname="com.jjktbf.StatVerificationTest" time="0.001">
    <system-out><![CDATA[Max AP bar (300/300): 300
]]></system-out>
  </testcase>
  <testcase name="sukunaShouldHaveShrineMovesOnly" classname="com.jjktbf.StatVerificationTest" time="0.011">
    <system-out><![CDATA[Technique move: Dismantle requires: SHRINE
Technique move: Cleave requires: SHRINE
Technique move: Fleshy Strike requires: SHRINE
]]></system-out>
  </testcase>
  <testcase name="blockReductionAppliesBeforeDefenseAndScaleRoll" classname="com.jjktbf.StatVerificationTest" time="0.006"/>
  <testcase name="yujiShouldHaveExpectedMoveCount" classname="com.jjktbf.StatVerificationTest" time="0.002">
    <system-out><![CDATA[Yuji move count: 9
]]></system-out>
  </testcase>
  <testcase name="sukunaCleaveVsYujiDamageShouldBeReasonable" classname="com.jjktbf.StatVerificationTest" time="0.014">
    <system-out><![CDATA[Sukuna Cleave vs Yuji — power=294 defense=172
Expected damage range: 79.9 – 94.0
Yuji HP: 467
]]></system-out>
  </testcase>
  <testcase name="sukunaHpShouldBeAround800" classname="com.jjktbf.StatVerificationTest" time="0.001">
    <system-out><![CDATA[Sukuna HP: 801
]]></system-out>
  </testcase>
  <testcase name="ceEfficiencyBaselineShouldNotChangeCost" classname="com.jjktbf.StatVerificationTest" time="0.002">
    <system-out><![CDATA[CE cost at baseline efficiency: 20
]]></system-out>
  </testcase>
  <testcase name="printAllStats" classname="com.jjktbf.StatVerificationTest" time="0.004">
    <system-out><![CDATA[YUJI:   CombatStats{HP=467 AP=203 ACC=216 EVA=204 CE_MAX=800 PhysSlots=11 JJSlots=7 CTSlots=0}
SUKUNA: CombatStats{HP=801 AP=289 ACC=286 EVA=289 CE_MAX=1500 PhysSlots=14 JJSlots=14 CTSlots=15}
  Yuji: Move{Basic Punch [PHYSICAL] AP=10 unleash=5 CE=0}
  Yuji: Move{Basic Block [DEFENSIVE] AP=8 unleash=1 CE=0}
  Yuji: Move{Rapid Strikes [PHYSICAL] AP=14 unleash=7 CE=0}
  Yuji: Move{Heavy Punch [PHYSICAL] AP=22 unleash=18 CE=0}
  Yuji: Move{Divekick [PHYSICAL] AP=18 unleash=6 CE=0}
  Yuji: Move{Cursed Strike [PHYSICAL_CURSED_ENERGY] AP=20 unleash=14 CE=20}
  Yuji: Move{Divergent Fist [PHYSICAL_CURSED_ENERGY] AP=25 unleash=20 CE=30}
  Yuji: Move{Cursed Energy Armor [DEFENSIVE] AP=12 unleash=1 CE=25}
  Yuji: Move{Iron Wall [DEFENSIVE] AP=20 unleash=1 CE=0}
  Sukuna: Move{Basic Punch [PHYSICAL] AP=10 unleash=5 CE=0}
  Sukuna: Move{Basic Block [DEFENSIVE] AP=8 unleash=1 CE=0}
  Sukuna: Move{Rapid Strikes [PHYSICAL] AP=14 unleash=7 CE=0}
  Sukuna: Move{Heavy Punch [PHYSICAL] AP=22 unleash=18 CE=0}
  Sukuna: Move{Cursed Strike [PHYSICAL_CURSED_ENERGY] AP=20 unleash=14 CE=20}
  Sukuna: Move{Dismantle [INNATE_TECHNIQUE] AP=20 unleash=15 CE=35}
  Sukuna: Move{Cleave [INNATE_TECHNIQUE] AP=30 unleash=25 CE=50}
  Sukuna: Move{Fleshy Strike [PHYSICAL_INNATE_TECHNIQUE] AP=22 unleash=8 CE=25}
  Sukuna: Move{Cursed Energy Armor [DEFENSIVE] AP=12 unleash=1 CE=25}
  Sukuna: Move{Iron Wall [DEFENSIVE] AP=20 unleash=1 CE=0}
]]></system-out>
  </testcase>
  <testcase name="blockAffectedTagsFilterIncomingMoveTags" classname="com.jjktbf.StatVerificationTest" time="0.001"/>
  <testcase name="equalAccuracyEvasionShouldGive95PercentHitOn100BaseAccuracy" classname="com.jjktbf.StatVerificationTest" time="0.001">
    <system-out><![CDATA[Hit chance (equal stats, 100% base): 0.9500
]]></system-out>
  </testcase>
</testsuite>